2025-10-22 17:57: INFO: Scheduler started
2025-10-22 17:57: INFO: Server started and listening
2025-10-22 17:58: INFO: New client connected
2025-10-22 17:58: INFO: Collected client connection and address
2025-10-22 17:58: INFO: Set up server cipher
2025-10-22 17:58: INFO: Started message receiver
2025-10-22 17:58: DEBUG: Using selector: EpollSelector
2025-10-22 17:59: INFO: Received new message
2025-10-22 17:59: INFO: Checking if user already has data saved
2025-10-22 17:59: INFO: User doesn't have profile saved. Creating profile
2025-10-22 17:59: INFO: Updating saved data with received data
2025-10-22 17:59: INFO: Successfully updated saved data
2025-10-22 17:59: INFO: Received new message
2025-10-22 17:59: INFO: Checking if user already has data saved
2025-10-22 17:59: INFO: User already has data saved, loading saved data
2025-10-22 17:59: INFO: Successfully loaded saved data
2025-10-22 17:59: INFO: Received data was not a dictionary. Checking for data request
2025-10-22 17:59: INFO: Received new message
2025-10-22 17:59: WARNING: Received empty message, returning
2025-10-22 17:59: INFO: New client connected
2025-10-22 17:59: INFO: Collected client connection and address
2025-10-22 17:59: INFO: Set up server cipher
2025-10-22 17:59: INFO: Started message receiver
2025-10-22 17:59: DEBUG: Using selector: EpollSelector
2025-10-22 17:59: INFO: Received new message
2025-10-22 17:59: INFO: Checking if user already has data saved
2025-10-22 17:59: INFO: User already has data saved, loading saved data
2025-10-22 17:59: INFO: Successfully loaded saved data
2025-10-22 17:59: INFO: Received data was not a dictionary. Checking for data request
2025-10-22 17:59: INFO: Client requested user data. Decrypting user data
2025-10-22 17:59: INFO: Successfully decrypted user data. Sending to client
2025-10-22 17:59: INFO: Successfully sent user data to client
2025-10-22 17:59: INFO: New client connected
2025-10-22 18:00: INFO: New client connected
2025-10-22 18:00: INFO: Collected client connection and address
2025-10-22 18:00: INFO: Set up server cipher
2025-10-22 18:00: INFO: Started message receiver
2025-10-22 18:00: DEBUG: Using selector: EpollSelector
2025-10-22 18:00: INFO: Received new message
2025-10-22 18:00: INFO: Checking if user already has data saved
2025-10-22 18:00: INFO: User already has data saved, loading saved data
2025-10-22 18:00: INFO: Successfully loaded saved data
2025-10-22 18:00: INFO: Received data was not a dictionary. Checking for data request
2025-10-22 18:00: INFO: Client requested user data. Decrypting user data
2025-10-22 18:00: INFO: Successfully decrypted user data. Sending to client
2025-10-22 18:00: INFO: Successfully sent user data to client
2025-10-22 18:00: INFO: Keyboard interrupt received, shutting down
2025-10-22 18:00: INFO: Client(s) still connected, closing connection
